mode: set
go.cryptoscope.co/ssb/keys/manager.go:21.58,28.16 3 1
go.cryptoscope.co/ssb/keys/manager.go:32.2,35.82 3 1
go.cryptoscope.co/ssb/keys/manager.go:54.2,54.12 1 1
go.cryptoscope.co/ssb/keys/manager.go:28.16,30.3 1 0
go.cryptoscope.co/ssb/keys/manager.go:35.82,38.20 2 1
go.cryptoscope.co/ssb/keys/manager.go:45.3,51.24 5 1
go.cryptoscope.co/ssb/keys/manager.go:38.20,40.4 1 1
go.cryptoscope.co/ssb/keys/manager.go:40.9,43.4 2 1
go.cryptoscope.co/ssb/keys/manager.go:57.58,64.16 3 1
go.cryptoscope.co/ssb/keys/manager.go:69.2,74.33 5 1
go.cryptoscope.co/ssb/keys/manager.go:64.16,66.3 1 0
go.cryptoscope.co/ssb/keys/manager.go:77.49,84.16 3 1
go.cryptoscope.co/ssb/keys/manager.go:88.2,88.29 1 1
go.cryptoscope.co/ssb/keys/manager.go:84.16,86.3 1 0
go.cryptoscope.co/ssb/keys/manager.go:91.59,98.16 3 1
go.cryptoscope.co/ssb/keys/manager.go:102.2,103.16 2 1
go.cryptoscope.co/ssb/keys/manager.go:107.2,107.17 1 1
go.cryptoscope.co/ssb/keys/manager.go:111.2,114.16 3 1
go.cryptoscope.co/ssb/keys/manager.go:98.16,100.3 1 0
go.cryptoscope.co/ssb/keys/manager.go:103.16,105.3 1 0
go.cryptoscope.co/ssb/keys/manager.go:107.17,109.3 1 1
go.cryptoscope.co/ssb/keys/types.go:15.50,22.20 3 0
go.cryptoscope.co/ssb/keys/types.go:26.2,29.16 3 0
go.cryptoscope.co/ssb/keys/types.go:33.2,35.24 2 0
go.cryptoscope.co/ssb/keys/types.go:41.2,41.15 1 0
go.cryptoscope.co/ssb/keys/types.go:45.2,45.23 1 0
go.cryptoscope.co/ssb/keys/types.go:22.20,24.3 1 0
go.cryptoscope.co/ssb/keys/types.go:29.16,31.3 1 0
go.cryptoscope.co/ssb/keys/types.go:35.24,39.3 3 0
go.cryptoscope.co/ssb/keys/types.go:41.15,43.3 1 0
go.cryptoscope.co/ssb/keys/types.go:48.51,58.16 5 1
go.cryptoscope.co/ssb/keys/types.go:72.2,72.17 1 1
go.cryptoscope.co/ssb/keys/types.go:58.16,59.26 1 1
go.cryptoscope.co/ssb/keys/types.go:62.3,69.10 7 1
go.cryptoscope.co/ssb/keys/types.go:59.26,61.4 1 0
go.cryptoscope.co/ssb/keys/types.go:75.27,78.24 2 0
go.cryptoscope.co/ssb/keys/types.go:82.2,82.11 1 0
go.cryptoscope.co/ssb/keys/types.go:78.24,80.3 1 0
go.cryptoscope.co/ssb/keys/types.go:87.31,88.11 1 0
go.cryptoscope.co/ssb/keys/types.go:89.18,90.18 1 0
go.cryptoscope.co/ssb/keys/types.go:91.16,92.16 1 0
go.cryptoscope.co/ssb/keys/types.go:93.10,95.20 1 0
go.cryptoscope.co/ssb/keys/types.go:99.3,99.50 1 0
go.cryptoscope.co/ssb/keys/types.go:95.20,96.51 1 0
go.cryptoscope.co/ssb/keys/types.go:114.29,116.2 1 1
go.cryptoscope.co/ssb/keys/types.go:118.52,130.2 7 1
go.cryptoscope.co/ssb/keys/types.go:131.54,134.2 2 0
go.cryptoscope.co/ssb/keys/types.go:136.53,140.16 3 0
go.cryptoscope.co/ssb/keys/types.go:144.2,147.16 3 0
go.cryptoscope.co/ssb/keys/types.go:151.2,151.33 1 0
go.cryptoscope.co/ssb/keys/types.go:155.2,155.31 1 0
go.cryptoscope.co/ssb/keys/types.go:159.2,161.30 2 0
go.cryptoscope.co/ssb/keys/types.go:140.16,142.3 1 0
go.cryptoscope.co/ssb/keys/types.go:147.16,149.3 1 0
go.cryptoscope.co/ssb/keys/types.go:151.33,153.3 1 0
go.cryptoscope.co/ssb/keys/types.go:155.31,157.3 1 0
go.cryptoscope.co/ssb/keys/types.go:164.51,168.2 3 1
